<?xml version="1.0" encoding="UTF-8"?>
<!-- Generated by org.testng.reporters.JUnitReportReporter -->
<testsuite hostname="Abhishek" failures="0" tests="1" name="demo.login" time="2.206" errors="0" timestamp="2020-07-17T21:04:04 IST" skipped="0">
  <testcase classname="demo.login" name="launch" time="2.206"/>
  <system-out/>
</testsuite> <!-- demo.login -->
