<?xml version="1.0" encoding="UTF-8"?>
<!-- Generated by org.testng.reporters.JUnitReportReporter -->
<testsuite hostname="Abhishek" failures="0" tests="1" name="demo.login" time="11.227" errors="0" timestamp="2020-07-18T12:48:00 IST" skipped="0">
  <testcase classname="demo.login" name="launch" time="11.227"/>
  <system-out/>
</testsuite> <!-- demo.login -->
